TN:
SF:src\cli\commands\advanced-sync.ts
FN:18,(anonymous_0)
FN:23,(anonymous_1)
FN:33,(anonymous_2)
FN:60,(anonymous_3)
FN:134,(anonymous_4)
FN:181,(anonymous_5)
FNF:6
FNH:3
FNDA:5,(anonymous_0)
FNDA:0,(anonymous_1)
FNDA:5,(anonymous_2)
FNDA:3,(anonymous_3)
FNDA:0,(anonymous_4)
FNDA:0,(anonymous_5)
DA:15,2
DA:18,2
DA:19,5
DA:23,2
DA:24,0
DA:25,0
DA:26,0
DA:28,0
DA:33,2
DA:38,5
DA:40,5
DA:41,5
DA:44,5
DA:45,5
DA:46,0
DA:47,0
DA:51,5
DA:54,5
DA:55,2
DA:56,2
DA:60,3
DA:61,3
DA:62,0
DA:63,0
DA:64,0
DA:67,0
DA:71,3
DA:72,3
DA:74,3
DA:75,3
DA:76,3
DA:79,3
DA:81,3
DA:82,3
DA:85,3
DA:86,0
DA:90,3
DA:92,1
DA:95,2
DA:99,3
DA:100,3
DA:102,3
DA:103,3
DA:105,2
DA:106,0
DA:109,2
DA:110,0
DA:113,2
DA:114,2
DA:116,1
DA:117,1
DA:118,1
DA:121,0
DA:122,0
DA:123,0
DA:127,2
DA:135,0
DA:136,0
DA:139,0
DA:140,0
DA:141,0
DA:142,0
DA:143,0
DA:144,0
DA:145,0
DA:149,0
DA:150,0
DA:153,0
DA:154,0
DA:155,0
DA:156,0
DA:157,0
DA:158,0
DA:162,0
DA:163,0
DA:164,0
DA:165,0
DA:166,0
DA:170,0
DA:171,0
DA:174,0
DA:175,0
DA:176,0
DA:179,0
DA:180,0
DA:181,0
DA:182,0
DA:186,0
DA:187,0
DA:188,0
DA:193,0
DA:194,0
DA:197,0
DA:198,0
DA:199,0
DA:200,0
DA:202,0
DA:207,0
DA:208,0
DA:210,0
DA:211,0
DA:212,0
DA:217,0
DA:218,0
DA:222,0
DA:223,0
LF:106
LH:40
BRDA:44,0,0,5
BRDA:44,0,1,2
BRDA:45,1,0,0
BRDA:45,1,1,5
BRDA:54,2,0,2
BRDA:54,2,1,3
BRDA:54,3,0,5
BRDA:54,3,1,3
BRDA:61,4,0,0
BRDA:61,4,1,3
BRDA:62,5,0,0
BRDA:62,5,1,0
BRDA:71,6,0,3
BRDA:71,6,1,0
BRDA:81,7,0,3
BRDA:81,7,1,0
BRDA:85,8,0,0
BRDA:85,8,1,3
BRDA:90,9,0,1
BRDA:90,9,1,2
BRDA:105,10,0,0
BRDA:105,10,1,2
BRDA:105,11,0,2
BRDA:105,11,1,0
BRDA:109,12,0,0
BRDA:109,12,1,2
BRDA:113,13,0,1
BRDA:113,13,1,1
BRDA:139,14,0,0
BRDA:139,14,1,0
BRDA:153,15,0,0
BRDA:153,15,1,0
BRDA:154,16,0,0
BRDA:154,16,1,0
BRDA:163,17,0,0
BRDA:163,17,1,0
BRDA:163,18,0,0
BRDA:163,18,1,0
BRDA:180,19,0,0
BRDA:180,19,1,0
BRDA:182,20,0,0
BRDA:182,20,1,0
BRDA:186,21,0,0
BRDA:186,21,1,0
BRDA:199,22,0,0
BRDA:199,22,1,0
BRDA:207,23,0,0
BRDA:207,23,1,0
BRDA:211,24,0,0
BRDA:211,24,1,0
BRDA:217,25,0,0
BRDA:217,25,1,0
BRDA:217,26,0,0
BRDA:217,26,1,0
BRF:54
BRH:18
end_of_record
TN:
SF:src\cli\commands\config.ts
FN:14,(anonymous_0)
FN:47,(anonymous_1)
FN:75,(anonymous_2)
FN:94,isValidConfigKey
FN:110,showValidKeys
FN:123,formatValue
FN:135,parseValueForKey
FNF:7
FNH:7
FNDA:2,(anonymous_0)
FNDA:2,(anonymous_1)
FNDA:1,(anonymous_2)
FNDA:3,isValidConfigKey
FNDA:2,showValidKeys
FNDA:2,formatValue
FNDA:1,parseValueForKey
DA:6,2
DA:10,2
DA:15,2
DA:16,2
DA:18,2
DA:20,1
DA:21,1
DA:22,1
DA:23,1
DA:27,1
DA:28,0
DA:29,0
DA:31,1
DA:32,1
DA:36,0
DA:37,0
DA:42,2
DA:48,2
DA:49,2
DA:51,2
DA:52,1
DA:53,1
DA:54,1
DA:58,1
DA:61,1
DA:62,1
DA:65,0
DA:66,0
DA:71,2
DA:76,1
DA:77,1
DA:78,1
DA:79,1
DA:80,1
DA:83,0
DA:84,0
DA:85,0
DA:88,0
DA:89,0
DA:95,3
DA:107,3
DA:111,2
DA:112,2
DA:113,2
DA:114,2
DA:115,2
DA:116,2
DA:117,2
DA:118,2
DA:119,2
DA:120,2
DA:124,2
DA:125,0
DA:126,2
DA:127,0
DA:128,2
DA:129,2
DA:131,0
DA:136,1
DA:138,1
DA:143,0
DA:144,0
DA:146,0
DA:149,0
DA:150,0
DA:152,0
DA:154,0
DA:155,0
DA:157,0
DA:159,0
LF:70
LH:46
BRDA:18,0,0,1
BRDA:18,0,1,1
BRDA:27,1,0,0
BRDA:27,1,1,1
BRDA:51,2,0,1
BRDA:51,2,1,1
BRDA:77,3,0,1
BRDA:77,3,1,0
BRDA:124,4,0,0
BRDA:124,4,1,2
BRDA:124,5,0,2
BRDA:124,5,1,2
BRDA:126,6,0,0
BRDA:126,6,1,2
BRDA:128,7,0,2
BRDA:128,7,1,0
BRDA:129,8,0,1
BRDA:129,8,1,1
BRDA:136,9,0,1
BRDA:136,9,1,0
BRDA:136,9,2,0
BRDA:136,9,3,0
BRDA:136,9,4,0
BRDA:136,9,5,0
BRDA:136,9,6,0
BRDA:136,9,7,0
BRDA:149,10,0,0
BRDA:149,10,1,0
BRDA:154,11,0,0
BRDA:154,11,1,0
BRF:30
BRH:14
end_of_record
TN:
SF:src\cli\commands\detect.ts
FN:14,(anonymous_0)
FNF:1
FNH:1
FNDA:3,(anonymous_0)
DA:9,2
DA:15,3
DA:16,3
DA:19,3
DA:20,1
DA:21,1
DA:22,0
DA:23,0
DA:25,1
DA:26,1
DA:27,1
DA:32,2
DA:33,2
DA:35,2
DA:36,2
DA:39,2
DA:40,0
DA:43,2
DA:44,0
DA:48,2
DA:49,1
DA:52,1
DA:53,1
DA:54,1
DA:56,1
DA:57,0
DA:59,1
DA:61,1
DA:62,1
DA:65,1
DA:66,1
DA:67,1
DA:70,1
DA:71,0
DA:76,0
DA:79,0
DA:80,0
DA:84,1
DA:85,1
DA:87,1
DA:88,0
DA:90,1
DA:92,1
DA:93,1
DA:94,1
DA:96,1
DA:97,1
DA:101,1
DA:102,0
DA:103,0
DA:104,0
DA:107,0
DA:108,0
DA:109,0
DA:112,0
DA:113,0
DA:116,0
DA:123,2
DA:125,0
DA:126,0
LF:60
LH:39
BRDA:19,0,0,1
BRDA:19,0,1,2
BRDA:21,1,0,0
BRDA:21,1,1,1
BRDA:22,2,0,0
BRDA:22,2,1,0
BRDA:35,3,0,2
BRDA:35,3,1,0
BRDA:39,4,0,0
BRDA:39,4,1,2
BRDA:43,5,0,0
BRDA:43,5,1,2
BRDA:48,6,0,1
BRDA:48,6,1,1
BRDA:53,7,0,1
BRDA:53,7,1,0
BRDA:56,8,0,0
BRDA:56,8,1,1
BRDA:70,9,0,0
BRDA:70,9,1,1
BRDA:87,10,0,0
BRDA:87,10,1,1
BRDA:101,11,0,0
BRDA:101,11,1,1
BRDA:103,12,0,0
BRDA:103,12,1,0
BRDA:112,13,0,0
BRDA:112,13,1,0
BRF:28
BRH:13
end_of_record
TN:
SF:src\cli\commands\hello.ts
FN:7,(anonymous_0)
FNF:1
FNH:1
FNDA:2,(anonymous_0)
DA:4,1
DA:8,2
DA:9,2
DA:10,2
LF:4
LH:4
BRDA:8,0,0,2
BRDA:8,0,1,1
BRF:2
BRH:2
end_of_record
TN:
SF:src\cli\commands\paths.ts
FN:18,(anonymous_0)
FN:64,(anonymous_1)
FN:86,(anonymous_2)
FN:104,(anonymous_3)
FN:142,(anonymous_4)
FN:182,(anonymous_5)
FN:216,(anonymous_6)
FNF:7
FNH:4
FNDA:1,(anonymous_0)
FNDA:1,(anonymous_1)
FNDA:1,(anonymous_2)
FNDA:3,(anonymous_3)
FNDA:0,(anonymous_4)
FNDA:0,(anonymous_5)
FNDA:0,(anonymous_6)
DA:11,1
DA:19,1
DA:20,1
DA:23,1
DA:24,0
DA:27,1
DA:30,1
DA:31,1
DA:32,1
DA:33,1
DA:37,1
DA:38,1
DA:41,1
DA:42,1
DA:46,1
DA:47,1
DA:48,1
DA:49,1
DA:51,0
DA:54,0
DA:55,0
DA:65,1
DA:66,1
DA:69,1
DA:70,0
DA:73,1
DA:76,1
DA:77,1
DA:80,1
DA:81,0
DA:82,0
DA:86,1
DA:89,1
DA:90,1
DA:93,1
DA:94,1
DA:96,0
DA:97,0
DA:105,3
DA:106,3
DA:109,3
DA:110,3
DA:113,3
DA:114,2
DA:115,2
DA:116,2
DA:120,1
DA:121,1
DA:123,1
DA:124,1
DA:125,1
DA:126,1
DA:128,0
DA:133,0
DA:134,0
DA:143,0
DA:144,0
DA:147,0
DA:148,0
DA:151,0
DA:154,0
DA:155,0
DA:156,0
DA:157,0
DA:161,0
DA:162,0
DA:165,0
DA:166,0
DA:167,0
DA:168,0
DA:170,0
DA:173,0
DA:174,0
DA:183,0
DA:184,0
DA:187,0
DA:188,0
DA:191,0
DA:194,0
DA:195,0
DA:198,0
DA:199,0
DA:200,0
DA:201,0
DA:203,0
DA:206,0
DA:207,0
DA:217,0
DA:218,0
DA:221,0
DA:222,0
DA:226,0
DA:227,0
DA:230,0
DA:231,0
DA:233,0
DA:234,0
DA:235,0
DA:240,0
DA:241,0
DA:242,0
DA:245,0
DA:249,0
DA:251,0
DA:252,0
DA:253,0
DA:255,0
DA:256,0
DA:260,0
DA:261,0
DA:262,0
DA:265,0
DA:266,0
DA:267,0
DA:274,0
DA:275,0
DA:276,0
DA:279,0
DA:280,0
LF:119
LH:43
BRDA:23,0,0,0
BRDA:23,0,1,1
BRDA:30,1,0,1
BRDA:30,1,1,0
BRDA:41,2,0,1
BRDA:41,2,1,0
BRDA:46,3,0,1
BRDA:46,3,1,0
BRDA:69,4,0,0
BRDA:69,4,1,1
BRDA:80,5,0,0
BRDA:80,5,1,1
BRDA:80,6,0,1
BRDA:80,6,1,1
BRDA:89,7,0,1
BRDA:89,7,1,0
BRDA:113,8,0,2
BRDA:113,8,1,1
BRDA:125,9,0,1
BRDA:125,9,1,0
BRDA:147,10,0,0
BRDA:147,10,1,0
BRDA:154,11,0,0
BRDA:154,11,1,0
BRDA:165,12,0,0
BRDA:165,12,1,0
BRDA:187,13,0,0
BRDA:187,13,1,0
BRDA:198,14,0,0
BRDA:198,14,1,0
BRDA:221,15,0,0
BRDA:221,15,1,0
BRDA:222,16,0,0
BRDA:222,16,1,0
BRDA:233,17,0,0
BRDA:233,17,1,0
BRDA:240,18,0,0
BRDA:240,18,1,0
BRDA:260,19,0,0
BRDA:260,19,1,0
BRDA:260,20,0,0
BRDA:260,20,1,0
BRDA:260,20,2,0
BRDA:261,21,0,0
BRDA:261,21,1,0
BRDA:266,22,0,0
BRDA:266,22,1,0
BRDA:274,23,0,0
BRDA:274,23,1,0
BRDA:274,24,0,0
BRDA:274,24,1,0
BRF:51
BRH:12
end_of_record
TN:
SF:src\core\config.ts
FN:41,(anonymous_0)
FN:52,(anonymous_1)
FN:59,(anonymous_2)
FN:64,(anonymous_3)
FN:92,(anonymous_4)
FN:101,(anonymous_5)
FN:118,(anonymous_6)
FN:135,(anonymous_7)
FN:163,(anonymous_8)
FN:182,(anonymous_9)
FN:206,(anonymous_10)
FN:222,(anonymous_11)
FN:228,(anonymous_12)
FNF:13
FNH:11
FNDA:11,(anonymous_0)
FNDA:1,(anonymous_1)
FNDA:5,(anonymous_2)
FNDA:22,(anonymous_3)
FNDA:30,(anonymous_4)
FNDA:12,(anonymous_5)
FNDA:5,(anonymous_6)
FNDA:17,(anonymous_7)
FNDA:1,(anonymous_8)
FNDA:0,(anonymous_9)
FNDA:0,(anonymous_10)
FNDA:1,(anonymous_11)
FNDA:19,(anonymous_12)
DA:8,6
DA:25,6
DA:36,6
DA:37,6
DA:42,11
DA:45,11
DA:48,11
DA:53,1
DA:54,1
DA:55,0
DA:60,5
DA:61,5
DA:66,22
DA:67,2
DA:68,2
DA:71,20
DA:73,20
DA:76,16
DA:81,16
DA:86,4
DA:87,4
DA:93,30
DA:94,11
DA:95,11
DA:97,28
DA:102,12
DA:103,12
DA:104,1
DA:105,1
DA:108,11
DA:109,11
DA:110,11
DA:112,0
DA:113,0
DA:119,5
DA:120,5
DA:121,1
DA:122,1
DA:125,4
DA:126,4
DA:127,4
DA:129,0
DA:130,0
DA:136,17
DA:137,17
DA:138,3
DA:139,3
DA:143,14
DA:144,0
DA:145,0
DA:146,0
DA:150,14
DA:151,14
DA:152,14
DA:154,12
DA:155,12
DA:157,2
DA:158,2
DA:164,1
DA:165,1
DA:166,0
DA:167,0
DA:170,1
DA:171,2
DA:174,1
DA:176,0
DA:177,0
DA:186,0
DA:187,0
DA:188,0
DA:189,0
DA:193,0
DA:194,0
DA:195,0
DA:197,0
DA:198,0
DA:200,0
DA:201,0
DA:207,0
DA:208,0
DA:209,0
DA:210,0
DA:213,0
DA:214,0
DA:216,0
DA:217,0
DA:223,1
DA:228,6
DA:229,19
DA:234,6
LF:90
LH:59
BRDA:54,0,0,0
BRDA:54,0,1,1
BRDA:66,1,0,2
BRDA:66,1,1,20
BRDA:93,2,0,11
BRDA:93,2,1,19
BRDA:103,3,0,1
BRDA:103,3,1,11
BRDA:120,4,0,1
BRDA:120,4,1,4
BRDA:137,5,0,3
BRDA:137,5,1,14
BRDA:143,6,0,0
BRDA:143,6,1,14
BRDA:165,7,0,0
BRDA:165,7,1,1
BRDA:187,8,0,0
BRDA:187,8,1,0
BRDA:208,9,0,0
BRDA:208,9,1,0
BRF:20
BRH:13
end_of_record
TN:
SF:src\core\emulator.ts
FN:357,(anonymous_0)
FN:361,(anonymous_1)
FN:369,(anonymous_2)
FN:450,(anonymous_3)
FN:455,(anonymous_4)
FN:460,(anonymous_5)
FN:466,(anonymous_6)
FN:485,(anonymous_7)
FN:624,(anonymous_8)
FN:648,(anonymous_9)
FN:657,(anonymous_10)
FN:664,(anonymous_11)
FNF:12
FNH:1
FNDA:4,(anonymous_0)
FNDA:0,(anonymous_1)
FNDA:0,(anonymous_2)
FNDA:0,(anonymous_3)
FNDA:0,(anonymous_4)
FNDA:0,(anonymous_5)
FNDA:0,(anonymous_6)
FNDA:0,(anonymous_7)
FNDA:0,(anonymous_8)
FNDA:0,(anonymous_9)
FNDA:0,(anonymous_10)
FNDA:0,(anonymous_11)
DA:21,4
DA:358,4
DA:362,0
DA:363,0
DA:365,0
DA:370,0
DA:371,0
DA:374,0
DA:375,0
DA:378,0
DA:379,0
DA:383,0
DA:386,0
DA:387,0
DA:388,0
DA:389,0
DA:393,0
DA:394,0
DA:395,0
DA:398,0
DA:399,0
DA:400,0
DA:401,0
DA:402,0
DA:403,0
DA:404,0
DA:410,0
DA:411,0
DA:413,0
DA:416,0
DA:418,0
DA:419,0
DA:420,0
DA:421,0
DA:422,0
DA:423,0
DA:426,0
DA:431,0
DA:432,0
DA:436,0
DA:437,0
DA:439,0
DA:442,0
DA:446,0
DA:451,0
DA:456,0
DA:461,0
DA:463,0
DA:464,0
DA:466,0
DA:467,0
DA:471,0
DA:472,0
DA:473,0
DA:476,0
DA:480,0
DA:481,0
DA:486,0
DA:489,0
DA:499,0
DA:500,0
DA:501,0
DA:503,0
DA:505,0
DA:507,0
DA:508,0
DA:509,0
DA:510,0
DA:513,0
DA:514,0
DA:515,0
DA:516,0
DA:517,0
DA:518,0
DA:519,0
DA:520,0
DA:523,0
DA:524,0
DA:525,0
DA:528,0
DA:529,0
DA:533,0
DA:534,0
DA:542,0
DA:546,0
DA:547,0
DA:548,0
DA:551,0
DA:552,0
DA:559,0
DA:564,0
DA:565,0
DA:567,0
DA:568,0
DA:569,0
DA:572,0
DA:574,0
DA:575,0
DA:576,0
DA:577,0
DA:580,0
DA:581,0
DA:582,0
DA:585,0
DA:586,0
DA:594,0
DA:599,0
DA:600,0
DA:601,0
DA:603,0
DA:604,0
DA:605,0
DA:606,0
DA:609,0
DA:610,0
DA:611,0
DA:614,0
DA:615,0
DA:619,0
DA:620,0
DA:621,0
DA:622,0
DA:623,0
DA:624,0
DA:625,0
DA:626,0
DA:628,0
DA:629,0
DA:635,0
DA:643,0
DA:649,0
DA:651,0
DA:653,0
DA:655,0
DA:656,0
DA:657,0
DA:661,0
DA:664,0
DA:667,0
DA:668,0
DA:671,0
DA:672,0
DA:675,0
DA:676,0
DA:678,0
DA:679,0
DA:681,0
DA:682,0
DA:689,0
DA:690,0
DA:693,0
DA:695,0
DA:696,0
DA:702,4
LF:154
LH:3
BRDA:362,0,0,0
BRDA:362,0,1,0
BRDA:363,1,0,0
BRDA:363,1,1,0
BRDA:363,1,2,0
BRDA:374,2,0,0
BRDA:374,2,1,0
BRDA:374,3,0,0
BRDA:374,3,1,0
BRDA:378,4,0,0
BRDA:378,4,1,0
BRDA:387,5,0,0
BRDA:387,5,1,0
BRDA:393,6,0,0
BRDA:393,6,1,0
BRDA:393,7,0,0
BRDA:393,7,1,0
BRDA:400,8,0,0
BRDA:400,8,1,0
BRDA:402,9,0,0
BRDA:402,9,1,0
BRDA:413,10,0,0
BRDA:413,10,1,0
BRDA:421,11,0,0
BRDA:421,11,1,0
BRDA:431,12,0,0
BRDA:431,12,1,0
BRDA:500,13,0,0
BRDA:500,13,1,0
BRDA:508,14,0,0
BRDA:508,14,1,0
BRDA:516,15,0,0
BRDA:516,15,1,0
BRDA:518,16,0,0
BRDA:518,16,1,0
BRDA:524,17,0,0
BRDA:524,17,1,0
BRDA:528,18,0,0
BRDA:528,18,1,0
BRDA:533,19,0,0
BRDA:533,19,1,0
BRDA:547,20,0,0
BRDA:547,20,1,0
BRDA:551,21,0,0
BRDA:551,21,1,0
BRDA:568,22,0,0
BRDA:568,22,1,0
BRDA:575,23,0,0
BRDA:575,23,1,0
BRDA:581,24,0,0
BRDA:581,24,1,0
BRDA:585,25,0,0
BRDA:585,25,1,0
BRDA:600,26,0,0
BRDA:600,26,1,0
BRDA:604,27,0,0
BRDA:604,27,1,0
BRDA:610,28,0,0
BRDA:610,28,1,0
BRDA:614,29,0,0
BRDA:614,29,1,0
BRDA:622,30,0,0
BRDA:622,30,1,0
BRDA:624,31,0,0
BRDA:624,31,1,0
BRDA:628,32,0,0
BRDA:628,32,1,0
BRDA:676,33,0,0
BRDA:676,33,1,0
BRDA:678,34,0,0
BRDA:678,34,1,0
BRF:71
BRH:0
end_of_record
TN:
SF:src\core\logger.ts
FN:19,(anonymous_0)
FN:36,(anonymous_1)
FN:72,(anonymous_2)
FN:80,(anonymous_3)
FN:87,(anonymous_4)
FN:91,(anonymous_5)
FN:95,(anonymous_6)
FN:99,(anonymous_7)
FN:103,(anonymous_8)
FN:114,(anonymous_9)
FN:126,(anonymous_10)
FNF:11
FNH:9
FNDA:104,(anonymous_0)
FNDA:11,(anonymous_1)
FNDA:15,(anonymous_2)
FNDA:1,(anonymous_3)
FNDA:45,(anonymous_4)
FNDA:0,(anonymous_5)
FNDA:3,(anonymous_6)
FNDA:6,(anonymous_7)
FNDA:8,(anonymous_8)
FNDA:1,(anonymous_9)
FNDA:0,(anonymous_10)
DA:7,11
DA:17,11
DA:20,104
DA:23,104
DA:24,104
DA:27,104
DA:38,11
DA:39,11
DA:42,11
DA:73,15
DA:74,11
DA:76,15
DA:81,1
DA:82,1
DA:88,45
DA:92,0
DA:96,3
DA:100,6
DA:104,8
DA:111,8
DA:115,1
DA:122,1
DA:127,0
DA:132,11
LF:24
LH:22
BRDA:23,0,0,104
BRDA:23,0,1,0
BRDA:23,1,0,104
BRDA:23,1,1,104
BRDA:36,2,0,11
BRDA:73,3,0,11
BRDA:73,3,1,4
BRDA:81,4,0,1
BRDA:81,4,1,0
BRDA:104,5,0,8
BRDA:104,5,1,0
BRDA:115,6,0,1
BRDA:115,6,1,0
BRF:13
BRH:9
end_of_record
TN:
SF:src\core\platform.ts
FN:20,(anonymous_0)
FN:46,(anonymous_1)
FN:238,(anonymous_2)
FN:267,(anonymous_3)
FN:297,(anonymous_4)
FN:320,(anonymous_5)
FN:359,(anonymous_6)
FNF:7
FNH:0
FNDA:0,(anonymous_0)
FNDA:0,(anonymous_1)
FNDA:0,(anonymous_2)
FNDA:0,(anonymous_3)
FNDA:0,(anonymous_4)
FNDA:0,(anonymous_5)
FNDA:0,(anonymous_6)
DA:21,0
DA:24,0
DA:32,0
DA:33,0
DA:34,0
DA:35,0
DA:36,0
DA:41,0
DA:42,0
DA:47,0
DA:50,0
DA:64,0
DA:65,0
DA:66,0
DA:67,0
DA:72,0
DA:73,0
DA:74,0
DA:75,0
DA:78,0
DA:79,0
DA:80,0
DA:81,0
DA:82,0
DA:83,0
DA:84,0
DA:85,0
DA:86,0
DA:91,0
DA:92,0
DA:95,0
DA:96,0
DA:98,0
DA:110,0
DA:111,0
DA:112,0
DA:114,0
DA:115,0
DA:118,0
DA:119,0
DA:122,0
DA:123,0
DA:126,0
DA:127,0
DA:130,0
DA:142,0
DA:143,0
DA:144,0
DA:148,0
DA:149,0
DA:150,0
DA:153,0
DA:162,0
DA:168,0
DA:169,0
DA:170,0
DA:171,0
DA:172,0
DA:173,0
DA:174,0
DA:177,0
DA:178,0
DA:180,0
DA:181,0
DA:182,0
DA:187,0
DA:188,0
DA:190,0
DA:191,0
DA:193,0
DA:203,0
DA:209,0
DA:210,0
DA:211,0
DA:213,0
DA:215,0
DA:216,0
DA:217,0
DA:218,0
DA:219,0
DA:220,0
DA:225,0
DA:234,0
DA:239,0
DA:244,0
DA:245,0
DA:246,0
DA:247,0
DA:248,0
DA:250,0
DA:259,0
DA:263,0
DA:269,0
DA:274,0
DA:275,0
DA:276,0
DA:277,0
DA:278,0
DA:280,0
DA:289,0
DA:293,0
DA:299,0
DA:300,0
DA:301,0
DA:302,0
DA:304,0
DA:313,0
DA:316,0
DA:321,0
DA:327,0
DA:328,0
DA:329,0
DA:334,0
DA:335,0
DA:336,0
DA:338,0
DA:339,0
DA:342,0
DA:351,0
DA:355,0
DA:360,0
DA:364,0
DA:366,0
DA:377,0
DA:378,0
DA:379,0
DA:380,0
DA:381,0
DA:382,0
DA:385,0
DA:392,0
DA:393,0
DA:394,0
DA:395,0
DA:396,0
DA:401,0
DA:410,0
DA:411,0
DA:412,0
DA:413,0
DA:414,0
DA:418,0
DA:419,0
DA:422,0
DA:427,0
DA:428,0
DA:429,0
DA:430,0
DA:433,0
DA:434,0
DA:435,0
DA:438,0
DA:449,4
LF:153
LH:1
BRDA:34,0,0,0
BRDA:34,0,1,0
BRDA:64,1,0,0
BRDA:64,1,1,0
BRDA:74,2,0,0
BRDA:74,2,1,0
BRDA:79,3,0,0
BRDA:79,3,1,0
BRDA:83,4,0,0
BRDA:83,4,1,0
BRDA:91,5,0,0
BRDA:91,5,1,0
BRDA:102,6,0,0
BRDA:102,6,1,0
BRDA:103,7,0,0
BRDA:103,7,1,0
BRDA:110,8,0,0
BRDA:110,8,1,0
BRDA:114,9,0,0
BRDA:114,9,1,0
BRDA:122,10,0,0
BRDA:122,10,1,0
BRDA:126,11,0,0
BRDA:126,11,1,0
BRDA:134,12,0,0
BRDA:134,12,1,0
BRDA:135,13,0,0
BRDA:135,13,1,0
BRDA:143,14,0,0
BRDA:143,14,1,0
BRDA:149,15,0,0
BRDA:149,15,1,0
BRDA:157,16,0,0
BRDA:157,16,1,0
BRDA:158,17,0,0
BRDA:158,17,1,0
BRDA:168,18,0,0
BRDA:168,18,1,0
BRDA:173,19,0,0
BRDA:173,19,1,0
BRDA:181,20,0,0
BRDA:181,20,1,0
BRDA:187,21,0,0
BRDA:187,21,1,0
BRDA:197,22,0,0
BRDA:197,22,1,0
BRDA:198,23,0,0
BRDA:198,23,1,0
BRDA:209,24,0,0
BRDA:209,24,1,0
BRDA:213,25,0,0
BRDA:213,25,1,0
BRDA:218,26,0,0
BRDA:218,26,1,0
BRDA:246,27,0,0
BRDA:246,27,1,0
BRDA:254,28,0,0
BRDA:254,28,1,0
BRDA:255,29,0,0
BRDA:255,29,1,0
BRDA:276,30,0,0
BRDA:276,30,1,0
BRDA:284,31,0,0
BRDA:284,31,1,0
BRDA:285,32,0,0
BRDA:285,32,1,0
BRDA:300,33,0,0
BRDA:300,33,1,0
BRDA:308,34,0,0
BRDA:308,34,1,0
BRDA:309,35,0,0
BRDA:309,35,1,0
BRDA:329,36,0,0
BRDA:329,36,1,0
BRDA:334,37,0,0
BRDA:334,37,1,0
BRDA:346,38,0,0
BRDA:346,38,1,0
BRDA:347,39,0,0
BRDA:347,39,1,0
BRDA:364,40,0,0
BRDA:364,40,1,0
BRDA:380,41,0,0
BRDA:380,41,1,0
BRDA:393,42,0,0
BRDA:393,42,1,0
BRDA:411,43,0,0
BRDA:411,43,1,0
BRDA:427,44,0,0
BRDA:427,44,1,0
BRF:90
BRH:0
end_of_record
