TN:
SF:src\cli\commands\advanced-sync.ts
FN:18,(anonymous_0)
FN:23,(anonymous_1)
FN:33,(anonymous_2)
FN:60,(anonymous_3)
FN:134,(anonymous_4)
FN:181,(anonymous_5)
FNF:6
FNH:3
FNDA:3,(anonymous_0)
FNDA:0,(anonymous_1)
FNDA:3,(anonymous_2)
FNDA:3,(anonymous_3)
FNDA:0,(anonymous_4)
FNDA:0,(anonymous_5)
DA:15,1
DA:18,1
DA:19,3
DA:23,1
DA:24,0
DA:25,0
DA:26,0
DA:28,0
DA:33,1
DA:38,3
DA:40,3
DA:41,3
DA:44,3
DA:45,3
DA:46,0
DA:47,0
DA:51,3
DA:54,3
DA:55,0
DA:56,0
DA:60,3
DA:61,3
DA:62,0
DA:63,0
DA:64,0
DA:67,0
DA:71,3
DA:72,3
DA:74,3
DA:75,3
DA:76,3
DA:79,3
DA:81,3
DA:82,3
DA:85,3
DA:86,0
DA:90,3
DA:92,1
DA:95,2
DA:99,3
DA:100,3
DA:102,3
DA:103,3
DA:105,2
DA:106,0
DA:109,2
DA:110,0
DA:113,2
DA:114,2
DA:116,1
DA:117,1
DA:118,1
DA:121,0
DA:122,0
DA:123,0
DA:127,1
DA:135,0
DA:136,0
DA:139,0
DA:140,0
DA:141,0
DA:142,0
DA:143,0
DA:144,0
DA:145,0
DA:149,0
DA:150,0
DA:153,0
DA:154,0
DA:155,0
DA:156,0
DA:157,0
DA:158,0
DA:162,0
DA:163,0
DA:164,0
DA:165,0
DA:166,0
DA:170,0
DA:171,0
DA:174,0
DA:175,0
DA:176,0
DA:179,0
DA:180,0
DA:181,0
DA:182,0
DA:186,0
DA:187,0
DA:188,0
DA:193,0
DA:194,0
DA:197,0
DA:198,0
DA:199,0
DA:200,0
DA:202,0
DA:207,0
DA:208,0
DA:210,0
DA:211,0
DA:212,0
DA:217,0
DA:218,0
DA:222,0
DA:223,0
LF:106
LH:38
BRDA:44,0,0,3
BRDA:44,0,1,0
BRDA:45,1,0,0
BRDA:45,1,1,3
BRDA:54,2,0,0
BRDA:54,2,1,3
BRDA:54,3,0,3
BRDA:54,3,1,3
BRDA:61,4,0,0
BRDA:61,4,1,3
BRDA:62,5,0,0
BRDA:62,5,1,0
BRDA:71,6,0,3
BRDA:71,6,1,0
BRDA:81,7,0,3
BRDA:81,7,1,0
BRDA:85,8,0,0
BRDA:85,8,1,3
BRDA:90,9,0,1
BRDA:90,9,1,2
BRDA:105,10,0,0
BRDA:105,10,1,2
BRDA:105,11,0,2
BRDA:105,11,1,0
BRDA:109,12,0,0
BRDA:109,12,1,2
BRDA:113,13,0,1
BRDA:113,13,1,1
BRDA:139,14,0,0
BRDA:139,14,1,0
BRDA:153,15,0,0
BRDA:153,15,1,0
BRDA:154,16,0,0
BRDA:154,16,1,0
BRDA:163,17,0,0
BRDA:163,17,1,0
BRDA:163,18,0,0
BRDA:163,18,1,0
BRDA:180,19,0,0
BRDA:180,19,1,0
BRDA:182,20,0,0
BRDA:182,20,1,0
BRDA:186,21,0,0
BRDA:186,21,1,0
BRDA:199,22,0,0
BRDA:199,22,1,0
BRDA:207,23,0,0
BRDA:207,23,1,0
BRDA:211,24,0,0
BRDA:211,24,1,0
BRDA:217,25,0,0
BRDA:217,25,1,0
BRDA:217,26,0,0
BRDA:217,26,1,0
BRF:54
BRH:16
end_of_record
TN:
SF:src\core\config.ts
FN:40,(anonymous_0)
FN:50,(anonymous_1)
FN:72,(anonymous_2)
FN:81,(anonymous_3)
FN:98,(anonymous_4)
FN:115,(anonymous_5)
FN:131,(anonymous_6)
FN:150,(anonymous_7)
FN:174,(anonymous_8)
FN:190,(anonymous_9)
FN:196,(anonymous_10)
FNF:11
FNH:6
FNDA:1,(anonymous_0)
FNDA:2,(anonymous_1)
FNDA:6,(anonymous_2)
FNDA:4,(anonymous_3)
FNDA:0,(anonymous_4)
FNDA:2,(anonymous_5)
FNDA:0,(anonymous_6)
FNDA:0,(anonymous_7)
FNDA:0,(anonymous_8)
FNDA:0,(anonymous_9)
FNDA:5,(anonymous_10)
DA:8,1
DA:25,1
DA:41,1
DA:44,1
DA:47,1
DA:51,2
DA:53,2
DA:56,2
DA:61,2
DA:66,0
DA:67,0
DA:73,6
DA:74,1
DA:75,1
DA:77,6
DA:82,4
DA:83,4
DA:84,0
DA:85,0
DA:88,4
DA:89,4
DA:90,4
DA:92,0
DA:93,0
DA:99,0
DA:100,0
DA:101,0
DA:102,0
DA:105,0
DA:106,0
DA:107,0
DA:109,0
DA:110,0
DA:116,2
DA:117,2
DA:118,0
DA:119,0
DA:122,2
DA:123,2
DA:125,0
DA:126,0
DA:132,0
DA:133,0
DA:134,0
DA:135,0
DA:138,0
DA:139,0
DA:142,0
DA:144,0
DA:145,0
DA:154,0
DA:155,0
DA:156,0
DA:157,0
DA:161,0
DA:162,0
DA:163,0
DA:165,0
DA:166,0
DA:168,0
DA:169,0
DA:175,0
DA:176,0
DA:177,0
DA:178,0
DA:181,0
DA:182,0
DA:184,0
DA:185,0
DA:191,0
DA:196,1
DA:197,5
DA:202,1
LF:73
LH:25
BRDA:73,0,0,1
BRDA:73,0,1,5
BRDA:83,1,0,0
BRDA:83,1,1,4
BRDA:100,2,0,0
BRDA:100,2,1,0
BRDA:117,3,0,0
BRDA:117,3,1,2
BRDA:133,4,0,0
BRDA:133,4,1,0
BRDA:155,5,0,0
BRDA:155,5,1,0
BRDA:176,6,0,0
BRDA:176,6,1,0
BRF:14
BRH:4
end_of_record
TN:
SF:src\core\emulator.ts
FN:357,(anonymous_0)
FN:361,(anonymous_1)
FN:369,(anonymous_2)
FN:450,(anonymous_3)
FN:455,(anonymous_4)
FN:460,(anonymous_5)
FN:466,(anonymous_6)
FN:485,(anonymous_7)
FN:624,(anonymous_8)
FN:648,(anonymous_9)
FN:657,(anonymous_10)
FN:664,(anonymous_11)
FNF:12
FNH:1
FNDA:1,(anonymous_0)
FNDA:0,(anonymous_1)
FNDA:0,(anonymous_2)
FNDA:0,(anonymous_3)
FNDA:0,(anonymous_4)
FNDA:0,(anonymous_5)
FNDA:0,(anonymous_6)
FNDA:0,(anonymous_7)
FNDA:0,(anonymous_8)
FNDA:0,(anonymous_9)
FNDA:0,(anonymous_10)
FNDA:0,(anonymous_11)
DA:21,1
DA:358,1
DA:362,0
DA:363,0
DA:365,0
DA:370,0
DA:371,0
DA:374,0
DA:375,0
DA:378,0
DA:379,0
DA:383,0
DA:386,0
DA:387,0
DA:388,0
DA:389,0
DA:393,0
DA:394,0
DA:395,0
DA:398,0
DA:399,0
DA:400,0
DA:401,0
DA:402,0
DA:403,0
DA:404,0
DA:410,0
DA:411,0
DA:413,0
DA:416,0
DA:418,0
DA:419,0
DA:420,0
DA:421,0
DA:422,0
DA:423,0
DA:426,0
DA:431,0
DA:432,0
DA:436,0
DA:437,0
DA:439,0
DA:442,0
DA:446,0
DA:451,0
DA:456,0
DA:461,0
DA:463,0
DA:464,0
DA:466,0
DA:467,0
DA:471,0
DA:472,0
DA:473,0
DA:476,0
DA:480,0
DA:481,0
DA:486,0
DA:489,0
DA:499,0
DA:500,0
DA:501,0
DA:503,0
DA:505,0
DA:507,0
DA:508,0
DA:509,0
DA:510,0
DA:513,0
DA:514,0
DA:515,0
DA:516,0
DA:517,0
DA:518,0
DA:519,0
DA:520,0
DA:523,0
DA:524,0
DA:525,0
DA:528,0
DA:529,0
DA:533,0
DA:534,0
DA:542,0
DA:546,0
DA:547,0
DA:548,0
DA:551,0
DA:552,0
DA:559,0
DA:564,0
DA:565,0
DA:567,0
DA:568,0
DA:569,0
DA:572,0
DA:574,0
DA:575,0
DA:576,0
DA:577,0
DA:580,0
DA:581,0
DA:582,0
DA:585,0
DA:586,0
DA:594,0
DA:599,0
DA:600,0
DA:601,0
DA:603,0
DA:604,0
DA:605,0
DA:606,0
DA:609,0
DA:610,0
DA:611,0
DA:614,0
DA:615,0
DA:619,0
DA:620,0
DA:621,0
DA:622,0
DA:623,0
DA:624,0
DA:625,0
DA:626,0
DA:628,0
DA:629,0
DA:635,0
DA:643,0
DA:649,0
DA:651,0
DA:653,0
DA:655,0
DA:656,0
DA:657,0
DA:661,0
DA:664,0
DA:667,0
DA:668,0
DA:671,0
DA:672,0
DA:675,0
DA:676,0
DA:678,0
DA:679,0
DA:681,0
DA:682,0
DA:689,0
DA:690,0
DA:693,0
DA:695,0
DA:696,0
DA:702,1
LF:154
LH:3
BRDA:362,0,0,0
BRDA:362,0,1,0
BRDA:363,1,0,0
BRDA:363,1,1,0
BRDA:363,1,2,0
BRDA:374,2,0,0
BRDA:374,2,1,0
BRDA:374,3,0,0
BRDA:374,3,1,0
BRDA:378,4,0,0
BRDA:378,4,1,0
BRDA:387,5,0,0
BRDA:387,5,1,0
BRDA:393,6,0,0
BRDA:393,6,1,0
BRDA:393,7,0,0
BRDA:393,7,1,0
BRDA:400,8,0,0
BRDA:400,8,1,0
BRDA:402,9,0,0
BRDA:402,9,1,0
BRDA:413,10,0,0
BRDA:413,10,1,0
BRDA:421,11,0,0
BRDA:421,11,1,0
BRDA:431,12,0,0
BRDA:431,12,1,0
BRDA:500,13,0,0
BRDA:500,13,1,0
BRDA:508,14,0,0
BRDA:508,14,1,0
BRDA:516,15,0,0
BRDA:516,15,1,0
BRDA:518,16,0,0
BRDA:518,16,1,0
BRDA:524,17,0,0
BRDA:524,17,1,0
BRDA:528,18,0,0
BRDA:528,18,1,0
BRDA:533,19,0,0
BRDA:533,19,1,0
BRDA:547,20,0,0
BRDA:547,20,1,0
BRDA:551,21,0,0
BRDA:551,21,1,0
BRDA:568,22,0,0
BRDA:568,22,1,0
BRDA:575,23,0,0
BRDA:575,23,1,0
BRDA:581,24,0,0
BRDA:581,24,1,0
BRDA:585,25,0,0
BRDA:585,25,1,0
BRDA:600,26,0,0
BRDA:600,26,1,0
BRDA:604,27,0,0
BRDA:604,27,1,0
BRDA:610,28,0,0
BRDA:610,28,1,0
BRDA:614,29,0,0
BRDA:614,29,1,0
BRDA:622,30,0,0
BRDA:622,30,1,0
BRDA:624,31,0,0
BRDA:624,31,1,0
BRDA:628,32,0,0
BRDA:628,32,1,0
BRDA:676,33,0,0
BRDA:676,33,1,0
BRDA:678,34,0,0
BRDA:678,34,1,0
BRF:71
BRH:0
end_of_record
TN:
SF:src\core\logger.ts
FN:19,(anonymous_0)
FN:36,(anonymous_1)
FN:72,(anonymous_2)
FN:80,(anonymous_3)
FN:87,(anonymous_4)
FN:91,(anonymous_5)
FN:95,(anonymous_6)
FN:99,(anonymous_7)
FN:103,(anonymous_8)
FN:114,(anonymous_9)
FN:126,(anonymous_10)
FNF:11
FNH:5
FNDA:17,(anonymous_0)
FNDA:1,(anonymous_1)
FNDA:1,(anonymous_2)
FNDA:0,(anonymous_3)
FNDA:8,(anonymous_4)
FNDA:0,(anonymous_5)
FNDA:0,(anonymous_6)
FNDA:0,(anonymous_7)
FNDA:1,(anonymous_8)
FNDA:0,(anonymous_9)
FNDA:0,(anonymous_10)
DA:7,1
DA:17,1
DA:20,17
DA:23,17
DA:24,17
DA:27,17
DA:38,1
DA:39,1
DA:42,1
DA:73,1
DA:74,1
DA:76,1
DA:81,0
DA:82,0
DA:88,8
DA:92,0
DA:96,0
DA:100,0
DA:104,1
DA:111,1
DA:115,0
DA:122,0
DA:127,0
DA:132,1
LF:24
LH:16
BRDA:23,0,0,17
BRDA:23,0,1,0
BRDA:23,1,0,17
BRDA:23,1,1,17
BRDA:36,2,0,1
BRDA:73,3,0,1
BRDA:73,3,1,0
BRDA:81,4,0,0
BRDA:81,4,1,0
BRDA:104,5,0,1
BRDA:104,5,1,0
BRDA:115,6,0,0
BRDA:115,6,1,0
BRF:13
BRH:6
end_of_record
TN:
SF:src\core\platform.ts
FN:20,(anonymous_0)
FN:46,(anonymous_1)
FN:238,(anonymous_2)
FN:267,(anonymous_3)
FN:297,(anonymous_4)
FN:320,(anonymous_5)
FN:359,(anonymous_6)
FNF:7
FNH:0
FNDA:0,(anonymous_0)
FNDA:0,(anonymous_1)
FNDA:0,(anonymous_2)
FNDA:0,(anonymous_3)
FNDA:0,(anonymous_4)
FNDA:0,(anonymous_5)
FNDA:0,(anonymous_6)
DA:21,0
DA:24,0
DA:32,0
DA:33,0
DA:34,0
DA:35,0
DA:36,0
DA:41,0
DA:42,0
DA:47,0
DA:50,0
DA:64,0
DA:65,0
DA:66,0
DA:67,0
DA:72,0
DA:73,0
DA:74,0
DA:75,0
DA:78,0
DA:79,0
DA:80,0
DA:81,0
DA:82,0
DA:83,0
DA:84,0
DA:85,0
DA:86,0
DA:91,0
DA:92,0
DA:95,0
DA:96,0
DA:98,0
DA:110,0
DA:111,0
DA:112,0
DA:114,0
DA:115,0
DA:118,0
DA:119,0
DA:122,0
DA:123,0
DA:126,0
DA:127,0
DA:130,0
DA:142,0
DA:143,0
DA:144,0
DA:148,0
DA:149,0
DA:150,0
DA:153,0
DA:162,0
DA:168,0
DA:169,0
DA:170,0
DA:171,0
DA:172,0
DA:173,0
DA:174,0
DA:177,0
DA:178,0
DA:180,0
DA:181,0
DA:182,0
DA:187,0
DA:188,0
DA:190,0
DA:191,0
DA:193,0
DA:203,0
DA:209,0
DA:210,0
DA:211,0
DA:213,0
DA:215,0
DA:216,0
DA:217,0
DA:218,0
DA:219,0
DA:220,0
DA:225,0
DA:234,0
DA:239,0
DA:244,0
DA:245,0
DA:246,0
DA:247,0
DA:248,0
DA:250,0
DA:259,0
DA:263,0
DA:269,0
DA:274,0
DA:275,0
DA:276,0
DA:277,0
DA:278,0
DA:280,0
DA:289,0
DA:293,0
DA:299,0
DA:300,0
DA:301,0
DA:302,0
DA:304,0
DA:313,0
DA:316,0
DA:321,0
DA:327,0
DA:328,0
DA:329,0
DA:334,0
DA:335,0
DA:336,0
DA:338,0
DA:339,0
DA:342,0
DA:351,0
DA:355,0
DA:360,0
DA:364,0
DA:366,0
DA:377,0
DA:378,0
DA:379,0
DA:380,0
DA:381,0
DA:382,0
DA:385,0
DA:392,0
DA:393,0
DA:394,0
DA:395,0
DA:396,0
DA:401,0
DA:410,0
DA:411,0
DA:412,0
DA:413,0
DA:414,0
DA:418,0
DA:419,0
DA:422,0
DA:427,0
DA:428,0
DA:429,0
DA:430,0
DA:433,0
DA:434,0
DA:435,0
DA:438,0
DA:449,1
LF:153
LH:1
BRDA:34,0,0,0
BRDA:34,0,1,0
BRDA:64,1,0,0
BRDA:64,1,1,0
BRDA:74,2,0,0
BRDA:74,2,1,0
BRDA:79,3,0,0
BRDA:79,3,1,0
BRDA:83,4,0,0
BRDA:83,4,1,0
BRDA:91,5,0,0
BRDA:91,5,1,0
BRDA:102,6,0,0
BRDA:102,6,1,0
BRDA:103,7,0,0
BRDA:103,7,1,0
BRDA:110,8,0,0
BRDA:110,8,1,0
BRDA:114,9,0,0
BRDA:114,9,1,0
BRDA:122,10,0,0
BRDA:122,10,1,0
BRDA:126,11,0,0
BRDA:126,11,1,0
BRDA:134,12,0,0
BRDA:134,12,1,0
BRDA:135,13,0,0
BRDA:135,13,1,0
BRDA:143,14,0,0
BRDA:143,14,1,0
BRDA:149,15,0,0
BRDA:149,15,1,0
BRDA:157,16,0,0
BRDA:157,16,1,0
BRDA:158,17,0,0
BRDA:158,17,1,0
BRDA:168,18,0,0
BRDA:168,18,1,0
BRDA:173,19,0,0
BRDA:173,19,1,0
BRDA:181,20,0,0
BRDA:181,20,1,0
BRDA:187,21,0,0
BRDA:187,21,1,0
BRDA:197,22,0,0
BRDA:197,22,1,0
BRDA:198,23,0,0
BRDA:198,23,1,0
BRDA:209,24,0,0
BRDA:209,24,1,0
BRDA:213,25,0,0
BRDA:213,25,1,0
BRDA:218,26,0,0
BRDA:218,26,1,0
BRDA:246,27,0,0
BRDA:246,27,1,0
BRDA:254,28,0,0
BRDA:254,28,1,0
BRDA:255,29,0,0
BRDA:255,29,1,0
BRDA:276,30,0,0
BRDA:276,30,1,0
BRDA:284,31,0,0
BRDA:284,31,1,0
BRDA:285,32,0,0
BRDA:285,32,1,0
BRDA:300,33,0,0
BRDA:300,33,1,0
BRDA:308,34,0,0
BRDA:308,34,1,0
BRDA:309,35,0,0
BRDA:309,35,1,0
BRDA:329,36,0,0
BRDA:329,36,1,0
BRDA:334,37,0,0
BRDA:334,37,1,0
BRDA:346,38,0,0
BRDA:346,38,1,0
BRDA:347,39,0,0
BRDA:347,39,1,0
BRDA:364,40,0,0
BRDA:364,40,1,0
BRDA:380,41,0,0
BRDA:380,41,1,0
BRDA:393,42,0,0
BRDA:393,42,1,0
BRDA:411,43,0,0
BRDA:411,43,1,0
BRDA:427,44,0,0
BRDA:427,44,1,0
BRF:90
BRH:0
end_of_record
